\BOOKMARK [0][-]{chapter*.2}{\376\377\144\130\211\201}{}% 1
\BOOKMARK [0][-]{chapter*.3}{\376\377\000A\000b\000s\000t\000r\000a\000c\000t}{}% 2
\BOOKMARK [0][-]{chapter.1}{\376\377\137\025\212\000}{}% 3
\BOOKMARK [0][-]{chapter.2}{\376\377\000P\000B\000P\000K\152\041\127\213\166\204\136\372\172\313}{}% 4
\BOOKMARK [1][-]{section.2.1}{\376\377\152\041\127\213\166\204\133\236\232\214\116\016\165\037\164\006\200\314\146\157}{chapter.2}% 5
\BOOKMARK [1][-]{section.2.2}{\376\377\152\041\127\213\166\204\145\160\133\146\137\142\137\017}{chapter.2}% 6
\BOOKMARK [1][-]{section.2.3}{\376\377\000P\000B\000P\000K\152\041\127\213\166\204\154\102\211\343}{chapter.2}% 7
\BOOKMARK [0][-]{chapter.3}{\376\377\000P\000B\000P\000K\152\041\127\213\123\302\145\160\123\315\157\024\166\204\171\136\176\317\177\121\176\334\145\271\154\325\000:\000\040\117\177\165\050\126\372\133\232\145\366\225\364\202\202\160\271\145\160\143\156}{}% 8
\BOOKMARK [1][-]{section.3.1}{\376\377\123\302\145\160\123\315\157\024\166\204\200\314\146\157\116\016\177\121\176\334\152\041\127\213\166\204\127\372\147\054\116\313\176\315}{chapter.3}% 9
\BOOKMARK [1][-]{section.3.2}{\376\377\123\302\145\160\123\315\157\024\171\136\176\317\177\121\176\334\152\041\127\213\166\204\145\160\143\156\226\306\176\323\147\204\116\016\147\204\136\372}{chapter.3}% 10
\BOOKMARK [2][-]{subsection.3.2.1}{\376\377\177\121\176\334\122\237\200\375\116\016\145\160\143\156\226\306\176\323\147\204\116\313\176\315}{section.3.2}% 11
\BOOKMARK [2][-]{subsection.3.2.2}{\376\377\150\007\173\176\226\306\166\204\147\204\136\372}{section.3.2}% 12
\BOOKMARK [2][-]{subsection.3.2.3}{\376\377\162\171\137\201\226\306\166\204\147\204\136\372}{section.3.2}% 13
\BOOKMARK [1][-]{section.3.3}{\376\377\123\302\145\160\123\315\157\024\171\136\176\317\177\121\176\334\152\041\127\213\166\204\147\266\147\204}{chapter.3}% 14
\BOOKMARK [1][-]{section.3.4}{\376\377\123\302\145\160\123\315\157\024\171\136\176\317\177\121\176\334\152\041\127\213\166\204\213\255\176\303}{chapter.3}% 15
\BOOKMARK [2][-]{subsection.3.4.1}{\376\377\145\160\143\156\226\306\166\204\230\204\131\004\164\006\000,\122\022\122\006\116\016\213\255\176\303\155\101\172\013}{section.3.4}% 16
\BOOKMARK [2][-]{subsection.3.4.2}{\376\377\143\137\131\061\121\375\145\160\116\016\117\030\123\026\126\150}{section.3.4}% 17
\BOOKMARK [1][-]{section.3.5}{\376\377\133\371\120\166\133\146\116\140\116\016\000P\000B\000P\000K\152\041\127\213\142\337\124\010\171\136\176\317\177\121\176\334\152\041\127\213}{chapter.3}% 18
\BOOKMARK [2][-]{subsection.3.5.1}{\376\377\133\371\120\166\133\146\116\140\166\204\137\025\121\145\200\314\146\157}{section.3.5}% 19
\BOOKMARK [2][-]{subsection.3.5.2}{\376\377\153\143\124\021\142\337\124\010\171\136\176\317\177\121\176\334\152\041\127\213\166\204\145\160\143\156\226\306\176\323\147\204\116\016\147\204\136\372}{section.3.5}% 20
\BOOKMARK [2][-]{subsection.3.5.3}{\376\377\153\143\124\021\142\337\124\010\171\136\176\317\177\121\176\334\152\041\127\213\166\204\177\121\176\334\176\323\147\204\116\016\213\255\176\303}{section.3.5}% 21
\BOOKMARK [1][-]{section.3.6}{\376\377\123\302\145\160\123\315\157\024\171\136\176\317\177\121\176\334\152\041\127\213\166\204\145\110\147\234\134\125\171\072}{chapter.3}% 22
\BOOKMARK [0][-]{chapter.4}{\376\377\000P\000B\000P\000K\152\041\127\213\123\302\145\160\123\315\157\024\166\204\171\136\176\317\177\121\176\334\145\271\154\325\000:\000\040\117\177\165\050\226\217\147\072\145\366\225\364\202\202\160\271\145\160\143\156}{}% 23
\BOOKMARK [1][-]{section.4.1}{\376\377\123\302\145\160\150\041\121\306\116\016\177\121\176\334\152\041\127\213\166\204\127\372\147\054\116\313\176\315}{chapter.4}% 24
\BOOKMARK [1][-]{section.4.2}{\376\377\123\302\145\160\123\315\157\024\171\136\176\317\177\121\176\334\152\041\127\213\166\204\145\160\143\156\226\306\176\323\147\204\116\016\147\204\136\372}{chapter.4}% 25
\BOOKMARK [1][-]{section.4.3}{\376\377\123\302\145\160\123\315\157\024\171\136\176\317\177\121\176\334\152\041\127\213\166\204\177\121\176\334\176\323\147\204\116\016\213\255\176\303}{chapter.4}% 26
\BOOKMARK [1][-]{section.4.4}{\376\377\123\357\217\223\121\145\145\366\225\364\117\341\140\157\166\204\000P\000B\000P\000K\152\041\127\213\142\337\124\010\171\136\176\317\177\121\176\334\152\041\127\213}{chapter.4}% 27
\BOOKMARK [1][-]{section.4.5}{\376\377\123\302\145\160\123\315\157\024\171\136\176\317\177\121\176\334\152\041\127\213\166\204\145\110\147\234\134\125\171\072}{chapter.4}% 28
\BOOKMARK [1][-]{section.4.6}{\376\377\127\372\116\216\167\037\133\236\133\236\232\214\145\160\143\156\0001\0001\166\204\123\302\145\160\150\041\121\306}{chapter.4}% 29
\BOOKMARK [0][-]{appendix.A}{\376\377\116\343\170\001}{}% 30
\BOOKMARK [1][-]{section.A.1}{\376\377\116\343\170\001\163\257\130\203}{appendix.A}% 31
\BOOKMARK [0][-]{appendix.B}{\376\377\000P\000B\000P\000K\152\041\127\213\162\151\164\006\221\317\124\015\171\360\000-\124\053\116\111\133\371\161\147\210\150}{}% 32
\BOOKMARK [0][-]{appendix*.27}{\376\377\123\302\200\003\145\207\163\056}{}% 33
\BOOKMARK [0][-]{appendix*.28}{\376\377\201\364\214\042}{}% 34
